#
# There is insufficient memory for the Java Runtime Environment to continue.
# Native memory allocation (malloc) failed to allocate 1802256 bytes for Chunk::new
# Possible reasons:
#   The system is out of physical RAM or swap space
#   The process is running with CompressedOops enabled, and the Java Heap may be blocking the growth of the native heap
# Possible solutions:
#   Reduce memory load on the system
#   Increase physical memory or swap space
#   Check if swap backing store is full
#   Decrease Java heap size (-Xmx/-Xms)
#   Decrease number of Java threads
#   Decrease Java thread stack sizes (-Xss)
#   Set larger code cache with -XX:ReservedCodeCacheSize=
#   JVM is running with Zero Based Compressed Oops mode in which the Java heap is
#     placed in the first 32GB address space. The Java Heap base address is the
#     maximum limit for the native heap growth. Please use -XX:HeapBaseMinAddress
#     to set the Java Heap base and to place the Java Heap above 32GB virtual address.
# This output file may be truncated or incomplete.
#
#  Out of Memory Error (./open/src/hotspot/share/memory/arena.cpp:197), pid=46384, tid=28168
#
# JRE version: Java(TM) SE Runtime Environment 18.9 (11.0.12+8) (build 11.0.12+8-LTS-237)
# Java VM: Java HotSpot(TM) 64-Bit Server VM 18.9 (11.0.12+8-LTS-237, mixed mode, tiered, compressed oops, g1 gc, windows-amd64)
# No core dump will be written. Minidumps are not enabled by default on client versions of Windows
#

---------------  S U M M A R Y ------------

Command Line: -ea -DnodeNamesHandler=org.jetbrains.plugins.cucumber.java.run.CucumberTestTreeNodeManager -Didea.test.cyclic.buffer.size=1048576 -javaagent:C:\Program Files\JetBrains\IntelliJ IDEA 2022.2.2\lib\idea_rt.jar=55124:C:\Program Files\JetBrains\IntelliJ IDEA 2022.2.2\bin -Dfile.encoding=UTF-8 com.intellij.rt.junit.JUnitStarter -ideVersion5 -junit4 com.amazon.runner.TestRunner

Host: 11th Gen Intel(R) Core(TM) i7-1165G7 @ 2.80GHz, 8 cores, 15G,  Windows 10 , 64 bit Build 22621 (10.0.22621.1194)
Time: Thu Mar  2 20:53:33 2023 Mountain Standard Time elapsed time: 3.952145 seconds (0d 0h 0m 3s)

---------------  T H R E A D  ---------------

Current thread (0x000001892c8a2800):  JavaThread "C2 CompilerThread1" daemon [_thread_in_native, id=28168, stack(0x00000020b8900000,0x00000020b8a00000)]


Current CompileTask:
C2:   3952 2517       4       java.lang.invoke.MethodType::makeImpl (108 bytes)

Stack: [0x00000020b8900000,0x00000020b8a00000]
Native frames: (J=compiled Java code, j=interpreted, Vv=VM code, C=native code)
V  [jvm.dll+0x617d9a]
V  [jvm.dll+0x74eeef]
V  [jvm.dll+0x750599]
V  [jvm.dll+0x750c23]
V  [jvm.dll+0x2438d8]
V  [jvm.dll+0xba6dc]
V  [jvm.dll+0xbac9c]
V  [jvm.dll+0x3469b7]
V  [jvm.dll+0x3147a3]
V  [jvm.dll+0x313aea]
V  [jvm.dll+0x1fd105]
V  [jvm.dll+0x1fc2ed]
V  [jvm.dll+0x17f18c]
V  [jvm.dll+0x20b87c]
V  [jvm.dll+0x20997b]
V  [jvm.dll+0x716359]
V  [jvm.dll+0x70f064]
V  [jvm.dll+0x616f66]
C  [ucrtbase.dll+0x29363]
C  [KERNEL32.DLL+0x126bd]
C  [ntdll.dll+0x5dfb8]


---------------  P R O C E S S  ---------------

Threads class SMR info:
_java_thread_list=0x000001892cd45eb0, length=24, elements={
0x0000018906fc7800, 0x000001892a8bc800, 0x000001892a8c8800, 0x000001892b1bd800,
0x000001892b1be800, 0x000001892b1c0000, 0x000001892b1c5000, 0x000001892b1c7000,
0x000001892b1cd000, 0x000001892b34b000, 0x000001892b45b800, 0x000001892c95e800,
0x000001892c7c0800, 0x000001892c89e000, 0x000001892c63c000, 0x000001892c63c800,
0x000001892ca65000, 0x000001892ca66000, 0x000001892ca66800, 0x000001892cc3e800,
0x000001892cc42800, 0x000001892c8a2800, 0x000001892cc45000, 0x000001892cc41000
}

Java Threads: ( => current thread )
  0x0000018906fc7800 JavaThread "Forwarding maximizeCurrentWindow on session 8341e99a62a83f9366f31efcf931c502 to remote" [_thread_blocked, id=5896, stack(0x00000020b6f00000,0x00000020b7000000)]
  0x000001892a8bc800 JavaThread "Reference Handler" daemon [_thread_blocked, id=38476, stack(0x00000020b7600000,0x00000020b7700000)]
  0x000001892a8c8800 JavaThread "Finalizer" daemon [_thread_blocked, id=36880, stack(0x00000020b7700000,0x00000020b7800000)]
  0x000001892b1bd800 JavaThread "Signal Dispatcher" daemon [_thread_blocked, id=9468, stack(0x00000020b7800000,0x00000020b7900000)]
  0x000001892b1be800 JavaThread "Attach Listener" daemon [_thread_blocked, id=39896, stack(0x00000020b7900000,0x00000020b7a00000)]
  0x000001892b1c0000 JavaThread "Service Thread" daemon [_thread_blocked, id=9496, stack(0x00000020b7a00000,0x00000020b7b00000)]
  0x000001892b1c5000 JavaThread "C2 CompilerThread0" daemon [_thread_in_native, id=26868, stack(0x00000020b7b00000,0x00000020b7c00000)]
  0x000001892b1c7000 JavaThread "C1 CompilerThread0" daemon [_thread_blocked, id=40588, stack(0x00000020b7c00000,0x00000020b7d00000)]
  0x000001892b1cd000 JavaThread "Sweeper thread" daemon [_thread_blocked, id=29676, stack(0x00000020b7d00000,0x00000020b7e00000)]
  0x000001892b34b000 JavaThread "Common-Cleaner" daemon [_thread_blocked, id=40816, stack(0x00000020b7e00000,0x00000020b7f00000)]
  0x000001892b45b800 JavaThread "Monitor Ctrl-Break" daemon [_thread_in_native, id=5248, stack(0x00000020b8000000,0x00000020b8100000)]
  0x000001892c95e800 JavaThread "ForkJoinPool.commonPool-worker-3" daemon [_thread_blocked, id=36476, stack(0x00000020b7f00000,0x00000020b8000000)]
  0x000001892c7c0800 JavaThread "AsyncHttpClient-1-1" daemon [_thread_blocked, id=42528, stack(0x00000020b8200000,0x00000020b8300000)]
  0x000001892c89e000 JavaThread "Exec Default Executor" daemon [_thread_in_native, id=29536, stack(0x00000020b8b00000,0x00000020b8c00000)]
  0x000001892c63c000 JavaThread "Exec Stream Pumper" daemon [_thread_in_native, id=8940, stack(0x00000020b8c00000,0x00000020b8d00000)]
  0x000001892c63c800 JavaThread "Exec Stream Pumper" daemon [_thread_in_native, id=5272, stack(0x00000020b8d00000,0x00000020b8e00000)]
  0x000001892ca65000 JavaThread "Driver Service Executor" daemon [_thread_blocked, id=15096, stack(0x00000020b8e00000,0x00000020b8f00000)]
  0x000001892ca66000 JavaThread "Driver Service Executor" daemon [_thread_blocked, id=44696, stack(0x00000020b8f00000,0x00000020b9000000)]
  0x000001892ca66800 JavaThread "UrlChecker-2" daemon [_thread_blocked, id=47032, stack(0x00000020b9000000,0x00000020b9100000)]
  0x000001892cc3e800 JavaThread "Keep-Alive-Timer" daemon [_thread_blocked, id=6820, stack(0x00000020b9200000,0x00000020b9300000)]
  0x000001892cc42800 JavaThread "AsyncHttpClient-1-2" daemon [_thread_in_native, id=35132, stack(0x00000020b9300000,0x00000020b9400000)]
=>0x000001892c8a2800 JavaThread "C2 CompilerThread1" daemon [_thread_in_native, id=28168, stack(0x00000020b8900000,0x00000020b8a00000)]
  0x000001892cc45000 JavaThread "AsyncHttpClient-1-3" daemon [_thread_in_native, id=41632, stack(0x00000020b8a00000,0x00000020b8b00000)]
  0x000001892cc41000 JavaThread "AsyncHttpClient-1-4" daemon [_thread_in_native, id=30608, stack(0x00000020b9400000,0x00000020b9500000)]

Other Threads:
  0x000001892a8b4000 VMThread "VM Thread" [stack: 0x00000020b7500000,0x00000020b7600000] [id=15340]
  0x000001892b45d000 WatcherThread [stack: 0x00000020b8100000,0x00000020b8200000] [id=32512]
  0x0000018906fdc800 GCTaskThread "GC Thread#0" [stack: 0x00000020b7000000,0x00000020b7100000] [id=35500]
  0x000001892c454000 GCTaskThread "GC Thread#1" [stack: 0x00000020b8300000,0x00000020b8400000] [id=45196]
  0x000001892c31e000 GCTaskThread "GC Thread#2" [stack: 0x00000020b8400000,0x00000020b8500000] [id=14012]
  0x000001892c31f000 GCTaskThread "GC Thread#3" [stack: 0x00000020b8500000,0x00000020b8600000] [id=36132]
  0x000001892c31f800 GCTaskThread "GC Thread#4" [stack: 0x00000020b8600000,0x00000020b8700000] [id=45888]
  0x000001892c324800 GCTaskThread "GC Thread#5" [stack: 0x00000020b8700000,0x00000020b8800000] [id=45716]
  0x000001890703a000 ConcurrentGCThread "G1 Main Marker" [stack: 0x00000020b7100000,0x00000020b7200000] [id=32996]
  0x000001890703b800 ConcurrentGCThread "G1 Conc#0" [stack: 0x00000020b7200000,0x00000020b7300000] [id=23932]
  0x000001892c60f800 ConcurrentGCThread "G1 Conc#1" [stack: 0x00000020b8800000,0x00000020b8900000] [id=30188]
  0x000001892a79f800 ConcurrentGCThread "G1 Refine#0" [stack: 0x00000020b7300000,0x00000020b7400000] [id=29544]
  0x000001892a7a2800 ConcurrentGCThread "G1 Young RemSet Sampling" [stack: 0x00000020b7400000,0x00000020b7500000] [id=9484]

Threads with active compile tasks:
C2 CompilerThread0   3972 2402   !   4       jdk.internal.loader.BuiltinClassLoader::loadClassOrNull (143 bytes)
C2 CompilerThread1   3972 2517       4       java.lang.invoke.MethodType::makeImpl (108 bytes)

VM state:not at safepoint (normal execution)

VM Mutex/Monitor currently owned by a thread: None

Heap address: 0x0000000704400000, size: 4028 MB, Compressed Oops mode: Zero based, Oop shift amount: 3
Narrow klass base: 0x0000000800000000, Narrow klass shift: 0
Compressed class space size: 1073741824 Address: 0x0000000800000000

Heap:
 garbage-first heap   total 258048K, used 52559K [0x0000000704400000, 0x0000000800000000)
  region size 1024K, 42 young (43008K), 5 survivors (5120K)
 Metaspace       used 34211K, capacity 35202K, committed 35376K, reserved 1081344K
  class space    used 4006K, capacity 4407K, committed 4480K, reserved 1048576K
Heap Regions: E=young(eden), S=young(survivor), O=old, HS=humongous(starts), HC=humongous(continues), CS=collection set, F=free, A=archive, TAMS=top-at-mark-start (previous, next)
|   0|0x0000000704400000, 0x0000000704500000, 0x0000000704500000|100%| O|  |TAMS 0x0000000704500000, 0x0000000704400000| Untracked 
|   1|0x0000000704500000, 0x0000000704600000, 0x0000000704600000|100%| O|  |TAMS 0x0000000704600000, 0x0000000704500000| Untracked 
|   2|0x0000000704600000, 0x0000000704700000, 0x0000000704700000|100%| O|  |TAMS 0x0000000704631a00, 0x0000000704600000| Untracked 
|   3|0x0000000704700000, 0x0000000704800000, 0x0000000704800000|100%| O|  |TAMS 0x0000000704700000, 0x0000000704700000| Untracked 
|   4|0x0000000704800000, 0x0000000704900000, 0x0000000704900000|100%| O|  |TAMS 0x0000000704800000, 0x0000000704800000| Untracked 
|   5|0x0000000704900000, 0x0000000704953e00, 0x0000000704a00000| 32%| O|  |TAMS 0x0000000704900000, 0x0000000704900000| Untracked 
|   6|0x0000000704a00000, 0x0000000704b00000, 0x0000000704b00000|100%|HS|  |TAMS 0x0000000704a00000, 0x0000000704a00000| Complete 
|   7|0x0000000704b00000, 0x0000000704c00000, 0x0000000704c00000|100%|HC|  |TAMS 0x0000000704b00000, 0x0000000704b00000| Complete 
|   8|0x0000000704c00000, 0x0000000704d00000, 0x0000000704d00000|100%|HC|  |TAMS 0x0000000704c00000, 0x0000000704c00000| Complete 
|   9|0x0000000704d00000, 0x0000000704e00000, 0x0000000704e00000|100%|HC|  |TAMS 0x0000000704d00000, 0x0000000704d00000| Complete 
|  10|0x0000000704e00000, 0x0000000704f00000, 0x0000000704f00000|100%|HC|  |TAMS 0x0000000704e00000, 0x0000000704e00000| Complete 
|  11|0x0000000704f00000, 0x0000000704f00000, 0x0000000705000000|  0%| F|  |TAMS 0x0000000704f00000, 0x0000000704f00000| Untracked 
|  12|0x0000000705000000, 0x0000000705000000, 0x0000000705100000|  0%| F|  |TAMS 0x0000000705000000, 0x0000000705000000| Untracked 
|  13|0x0000000705100000, 0x0000000705100000, 0x0000000705200000|  0%| F|  |TAMS 0x0000000705100000, 0x0000000705100000| Untracked 
|  14|0x0000000705200000, 0x0000000705200000, 0x0000000705300000|  0%| F|  |TAMS 0x0000000705200000, 0x0000000705200000| Untracked 
|  15|0x0000000705300000, 0x0000000705300000, 0x0000000705400000|  0%| F|  |TAMS 0x0000000705300000, 0x0000000705300000| Untracked 
|  16|0x0000000705400000, 0x0000000705400000, 0x0000000705500000|  0%| F|  |TAMS 0x0000000705400000, 0x0000000705400000| Untracked 
|  17|0x0000000705500000, 0x0000000705500000, 0x0000000705600000|  0%| F|  |TAMS 0x0000000705500000, 0x0000000705500000| Untracked 
|  18|0x0000000705600000, 0x0000000705600000, 0x0000000705700000|  0%| F|  |TAMS 0x0000000705600000, 0x0000000705600000| Untracked 
|  19|0x0000000705700000, 0x0000000705700000, 0x0000000705800000|  0%| F|  |TAMS 0x0000000705700000, 0x0000000705700000| Untracked 
|  20|0x0000000705800000, 0x0000000705800000, 0x0000000705900000|  0%| F|  |TAMS 0x0000000705800000, 0x0000000705800000| Untracked 
|  21|0x0000000705900000, 0x0000000705900000, 0x0000000705a00000|  0%| F|  |TAMS 0x0000000705900000, 0x0000000705900000| Untracked 
|  22|0x0000000705a00000, 0x0000000705a00000, 0x0000000705b00000|  0%| F|  |TAMS 0x0000000705a00000, 0x0000000705a00000| Untracked 
|  23|0x0000000705b00000, 0x0000000705b00000, 0x0000000705c00000|  0%| F|  |TAMS 0x0000000705b00000, 0x0000000705b00000| Untracked 
|  24|0x0000000705c00000, 0x0000000705c00000, 0x0000000705d00000|  0%| F|  |TAMS 0x0000000705c00000, 0x0000000705c00000| Untracked 
|  25|0x0000000705d00000, 0x0000000705d00000, 0x0000000705e00000|  0%| F|  |TAMS 0x0000000705d00000, 0x0000000705d00000| Untracked 
|  26|0x0000000705e00000, 0x0000000705e00000, 0x0000000705f00000|  0%| F|  |TAMS 0x0000000705e00000, 0x0000000705e00000| Untracked 
|  27|0x0000000705f00000, 0x0000000705f00000, 0x0000000706000000|  0%| F|  |TAMS 0x0000000705f00000, 0x0000000705f00000| Untracked 
|  28|0x0000000706000000, 0x0000000706000000, 0x0000000706100000|  0%| F|  |TAMS 0x0000000706000000, 0x0000000706000000| Untracked 
|  29|0x0000000706100000, 0x0000000706100000, 0x0000000706200000|  0%| F|  |TAMS 0x0000000706100000, 0x0000000706100000| Untracked 
|  30|0x0000000706200000, 0x0000000706200000, 0x0000000706300000|  0%| F|  |TAMS 0x0000000706200000, 0x0000000706200000| Untracked 
|  31|0x0000000706300000, 0x0000000706300000, 0x0000000706400000|  0%| F|  |TAMS 0x0000000706300000, 0x0000000706300000| Untracked 
|  32|0x0000000706400000, 0x0000000706400000, 0x0000000706500000|  0%| F|  |TAMS 0x0000000706400000, 0x0000000706400000| Untracked 
|  33|0x0000000706500000, 0x0000000706500000, 0x0000000706600000|  0%| F|  |TAMS 0x0000000706500000, 0x0000000706500000| Untracked 
|  34|0x0000000706600000, 0x0000000706600000, 0x0000000706700000|  0%| F|  |TAMS 0x0000000706600000, 0x0000000706600000| Untracked 
|  35|0x0000000706700000, 0x0000000706700000, 0x0000000706800000|  0%| F|  |TAMS 0x0000000706700000, 0x0000000706700000| Untracked 
|  36|0x0000000706800000, 0x0000000706800000, 0x0000000706900000|  0%| F|  |TAMS 0x0000000706800000, 0x0000000706800000| Untracked 
|  37|0x0000000706900000, 0x0000000706900000, 0x0000000706a00000|  0%| F|  |TAMS 0x0000000706900000, 0x0000000706900000| Untracked 
|  38|0x0000000706a00000, 0x0000000706a00000, 0x0000000706b00000|  0%| F|  |TAMS 0x0000000706a00000, 0x0000000706a00000| Untracked 
|  39|0x0000000706b00000, 0x0000000706b00000, 0x0000000706c00000|  0%| F|  |TAMS 0x0000000706b00000, 0x0000000706b00000| Untracked 
|  40|0x0000000706c00000, 0x0000000706c00000, 0x0000000706d00000|  0%| F|  |TAMS 0x0000000706c00000, 0x0000000706c00000| Untracked 
|  41|0x0000000706d00000, 0x0000000706d00000, 0x0000000706e00000|  0%| F|  |TAMS 0x0000000706d00000, 0x0000000706d00000| Untracked 
|  42|0x0000000706e00000, 0x0000000706e00000, 0x0000000706f00000|  0%| F|  |TAMS 0x0000000706e00000, 0x0000000706e00000| Untracked 
|  43|0x0000000706f00000, 0x0000000706f00000, 0x0000000707000000|  0%| F|  |TAMS 0x0000000706f00000, 0x0000000706f00000| Untracked 
|  44|0x0000000707000000, 0x0000000707000000, 0x0000000707100000|  0%| F|  |TAMS 0x0000000707000000, 0x0000000707000000| Untracked 
|  45|0x0000000707100000, 0x0000000707100000, 0x0000000707200000|  0%| F|  |TAMS 0x0000000707100000, 0x0000000707100000| Untracked 
|  46|0x0000000707200000, 0x0000000707200000, 0x0000000707300000|  0%| F|  |TAMS 0x0000000707200000, 0x0000000707200000| Untracked 
|  47|0x0000000707300000, 0x0000000707300000, 0x0000000707400000|  0%| F|  |TAMS 0x0000000707300000, 0x0000000707300000| Untracked 
|  48|0x0000000707400000, 0x0000000707400000, 0x0000000707500000|  0%| F|  |TAMS 0x0000000707400000, 0x0000000707400000| Untracked 
|  49|0x0000000707500000, 0x0000000707500000, 0x0000000707600000|  0%| F|  |TAMS 0x0000000707500000, 0x0000000707500000| Untracked 
|  50|0x0000000707600000, 0x0000000707600000, 0x0000000707700000|  0%| F|  |TAMS 0x0000000707600000, 0x0000000707600000| Untracked 
|  51|0x0000000707700000, 0x0000000707700000, 0x0000000707800000|  0%| F|  |TAMS 0x0000000707700000, 0x0000000707700000| Untracked 
|  52|0x0000000707800000, 0x0000000707800000, 0x0000000707900000|  0%| F|  |TAMS 0x0000000707800000, 0x0000000707800000| Untracked 
|  53|0x0000000707900000, 0x0000000707900000, 0x0000000707a00000|  0%| F|  |TAMS 0x0000000707900000, 0x0000000707900000| Untracked 
|  54|0x0000000707a00000, 0x0000000707a00000, 0x0000000707b00000|  0%| F|  |TAMS 0x0000000707a00000, 0x0000000707a00000| Untracked 
|  55|0x0000000707b00000, 0x0000000707b00000, 0x0000000707c00000|  0%| F|  |TAMS 0x0000000707b00000, 0x0000000707b00000| Untracked 
|  56|0x0000000707c00000, 0x0000000707c00000, 0x0000000707d00000|  0%| F|  |TAMS 0x0000000707c00000, 0x0000000707c00000| Untracked 
|  57|0x0000000707d00000, 0x0000000707d00000, 0x0000000707e00000|  0%| F|  |TAMS 0x0000000707d00000, 0x0000000707d00000| Untracked 
|  58|0x0000000707e00000, 0x0000000707e00000, 0x0000000707f00000|  0%| F|  |TAMS 0x0000000707e00000, 0x0000000707e00000| Untracked 
|  59|0x0000000707f00000, 0x0000000707f00000, 0x0000000708000000|  0%| F|  |TAMS 0x0000000707f00000, 0x0000000707f00000| Untracked 
|  60|0x0000000708000000, 0x0000000708000000, 0x0000000708100000|  0%| F|  |TAMS 0x0000000708000000, 0x0000000708000000| Untracked 
|  61|0x0000000708100000, 0x0000000708100000, 0x0000000708200000|  0%| F|  |TAMS 0x0000000708100000, 0x0000000708100000| Untracked 
|  62|0x0000000708200000, 0x0000000708200000, 0x0000000708300000|  0%| F|  |TAMS 0x0000000708200000, 0x0000000708200000| Untracked 
|  63|0x0000000708300000, 0x0000000708300000, 0x0000000708400000|  0%| F|  |TAMS 0x0000000708300000, 0x0000000708300000| Untracked 
|  64|0x0000000708400000, 0x0000000708400000, 0x0000000708500000|  0%| F|  |TAMS 0x0000000708400000, 0x0000000708400000| Untracked 
|  65|0x0000000708500000, 0x0000000708500000, 0x0000000708600000|  0%| F|  |TAMS 0x0000000708500000, 0x0000000708500000| Untracked 
|  66|0x0000000708600000, 0x0000000708600000, 0x0000000708700000|  0%| F|  |TAMS 0x0000000708600000, 0x0000000708600000| Untracked 
|  67|0x0000000708700000, 0x0000000708700000, 0x0000000708800000|  0%| F|  |TAMS 0x0000000708700000, 0x0000000708700000| Untracked 
|  68|0x0000000708800000, 0x0000000708800000, 0x0000000708900000|  0%| F|  |TAMS 0x0000000708800000, 0x0000000708800000| Untracked 
|  69|0x0000000708900000, 0x0000000708900000, 0x0000000708a00000|  0%| F|  |TAMS 0x0000000708900000, 0x0000000708900000| Untracked 
|  70|0x0000000708a00000, 0x0000000708a00000, 0x0000000708b00000|  0%| F|  |TAMS 0x0000000708a00000, 0x0000000708a00000| Untracked 
|  71|0x0000000708b00000, 0x0000000708b00000, 0x0000000708c00000|  0%| F|  |TAMS 0x0000000708b00000, 0x0000000708b00000| Untracked 
|  72|0x0000000708c00000, 0x0000000708c00000, 0x0000000708d00000|  0%| F|  |TAMS 0x0000000708c00000, 0x0000000708c00000| Untracked 
|  73|0x0000000708d00000, 0x0000000708d00000, 0x0000000708e00000|  0%| F|  |TAMS 0x0000000708d00000, 0x0000000708d00000| Untracked 
|  74|0x0000000708e00000, 0x0000000708e00000, 0x0000000708f00000|  0%| F|  |TAMS 0x0000000708e00000, 0x0000000708e00000| Untracked 
|  75|0x0000000708f00000, 0x0000000708f00000, 0x0000000709000000|  0%| F|  |TAMS 0x0000000708f00000, 0x0000000708f00000| Untracked 
|  76|0x0000000709000000, 0x0000000709000000, 0x0000000709100000|  0%| F|  |TAMS 0x0000000709000000, 0x0000000709000000| Untracked 
|  77|0x0000000709100000, 0x0000000709100000, 0x0000000709200000|  0%| F|  |TAMS 0x0000000709100000, 0x0000000709100000| Untracked 
|  78|0x0000000709200000, 0x0000000709200000, 0x0000000709300000|  0%| F|  |TAMS 0x0000000709200000, 0x0000000709200000| Untracked 
|  79|0x0000000709300000, 0x0000000709300000, 0x0000000709400000|  0%| F|  |TAMS 0x0000000709300000, 0x0000000709300000| Untracked 
|  80|0x0000000709400000, 0x0000000709400000, 0x0000000709500000|  0%| F|  |TAMS 0x0000000709400000, 0x0000000709400000| Untracked 
|  81|0x0000000709500000, 0x0000000709500000, 0x0000000709600000|  0%| F|  |TAMS 0x0000000709500000, 0x0000000709500000| Untracked 
|  82|0x0000000709600000, 0x0000000709600000, 0x0000000709700000|  0%| F|  |TAMS 0x0000000709600000, 0x0000000709600000| Untracked 
|  83|0x0000000709700000, 0x0000000709700000, 0x0000000709800000|  0%| F|  |TAMS 0x0000000709700000, 0x0000000709700000| Untracked 
|  84|0x0000000709800000, 0x0000000709800000, 0x0000000709900000|  0%| F|  |TAMS 0x0000000709800000, 0x0000000709800000| Untracked 
|  85|0x0000000709900000, 0x0000000709900000, 0x0000000709a00000|  0%| F|  |TAMS 0x0000000709900000, 0x0000000709900000| Untracked 
|  86|0x0000000709a00000, 0x0000000709a00000, 0x0000000709b00000|  0%| F|  |TAMS 0x0000000709a00000, 0x0000000709a00000| Untracked 
|  87|0x0000000709b00000, 0x0000000709b00000, 0x0000000709c00000|  0%| F|  |TAMS 0x0000000709b00000, 0x0000000709b00000| Untracked 
|  88|0x0000000709c00000, 0x0000000709c00000, 0x0000000709d00000|  0%| F|  |TAMS 0x0000000709c00000, 0x0000000709c00000| Untracked 
|  89|0x0000000709d00000, 0x0000000709d00000, 0x0000000709e00000|  0%| F|  |TAMS 0x0000000709d00000, 0x0000000709d00000| Untracked 
|  90|0x0000000709e00000, 0x0000000709e00000, 0x0000000709f00000|  0%| F|  |TAMS 0x0000000709e00000, 0x0000000709e00000| Untracked 
|  91|0x0000000709f00000, 0x0000000709f00000, 0x000000070a000000|  0%| F|  |TAMS 0x0000000709f00000, 0x0000000709f00000| Untracked 
|  92|0x000000070a000000, 0x000000070a000000, 0x000000070a100000|  0%| F|  |TAMS 0x000000070a000000, 0x000000070a000000| Untracked 
|  93|0x000000070a100000, 0x000000070a100000, 0x000000070a200000|  0%| F|  |TAMS 0x000000070a100000, 0x000000070a100000| Untracked 
|  94|0x000000070a200000, 0x000000070a200000, 0x000000070a300000|  0%| F|  |TAMS 0x000000070a200000, 0x000000070a200000| Untracked 
|  95|0x000000070a300000, 0x000000070a300000, 0x000000070a400000|  0%| F|  |TAMS 0x000000070a300000, 0x000000070a300000| Untracked 
|  96|0x000000070a400000, 0x000000070a400000, 0x000000070a500000|  0%| F|  |TAMS 0x000000070a400000, 0x000000070a400000| Untracked 
|  97|0x000000070a500000, 0x000000070a500000, 0x000000070a600000|  0%| F|  |TAMS 0x000000070a500000, 0x000000070a500000| Untracked 
|  98|0x000000070a600000, 0x000000070a600000, 0x000000070a700000|  0%| F|  |TAMS 0x000000070a600000, 0x000000070a600000| Untracked 
|  99|0x000000070a700000, 0x000000070a700000, 0x000000070a800000|  0%| F|  |TAMS 0x000000070a700000, 0x000000070a700000| Untracked 
| 100|0x000000070a800000, 0x000000070a800000, 0x000000070a900000|  0%| F|  |TAMS 0x000000070a800000, 0x000000070a800000| Untracked 
| 101|0x000000070a900000, 0x000000070a900000, 0x000000070aa00000|  0%| F|  |TAMS 0x000000070a900000, 0x000000070a900000| Untracked 
| 102|0x000000070aa00000, 0x000000070aa00000, 0x000000070ab00000|  0%| F|  |TAMS 0x000000070aa00000, 0x000000070aa00000| Untracked 
| 103|0x000000070ab00000, 0x000000070ab00000, 0x000000070ac00000|  0%| F|  |TAMS 0x000000070ab00000, 0x000000070ab00000| Untracked 
| 104|0x000000070ac00000, 0x000000070ac00000, 0x000000070ad00000|  0%| F|  |TAMS 0x000000070ac00000, 0x000000070ac00000| Untracked 
| 105|0x000000070ad00000, 0x000000070ad00000, 0x000000070ae00000|  0%| F|  |TAMS 0x000000070ad00000, 0x000000070ad00000| Untracked 
| 106|0x000000070ae00000, 0x000000070ae00000, 0x000000070af00000|  0%| F|  |TAMS 0x000000070ae00000, 0x000000070ae00000| Untracked 
| 107|0x000000070af00000, 0x000000070af00000, 0x000000070b000000|  0%| F|  |TAMS 0x000000070af00000, 0x000000070af00000| Untracked 
| 108|0x000000070b000000, 0x000000070b000000, 0x000000070b100000|  0%| F|  |TAMS 0x000000070b000000, 0x000000070b000000| Untracked 
| 109|0x000000070b100000, 0x000000070b100000, 0x000000070b200000|  0%| F|  |TAMS 0x000000070b100000, 0x000000070b100000| Untracked 
| 110|0x000000070b200000, 0x000000070b200000, 0x000000070b300000|  0%| F|  |TAMS 0x000000070b200000, 0x000000070b200000| Untracked 
| 111|0x000000070b300000, 0x000000070b300000, 0x000000070b400000|  0%| F|  |TAMS 0x000000070b300000, 0x000000070b300000| Untracked 
| 112|0x000000070b400000, 0x000000070b400000, 0x000000070b500000|  0%| F|  |TAMS 0x000000070b400000, 0x000000070b400000| Untracked 
| 113|0x000000070b500000, 0x000000070b500000, 0x000000070b600000|  0%| F|  |TAMS 0x000000070b500000, 0x000000070b500000| Untracked 
| 114|0x000000070b600000, 0x000000070b600000, 0x000000070b700000|  0%| F|  |TAMS 0x000000070b600000, 0x000000070b600000| Untracked 
| 115|0x000000070b700000, 0x000000070b700000, 0x000000070b800000|  0%| F|  |TAMS 0x000000070b700000, 0x000000070b700000| Untracked 
| 116|0x000000070b800000, 0x000000070b800000, 0x000000070b900000|  0%| F|  |TAMS 0x000000070b800000, 0x000000070b800000| Untracked 
| 117|0x000000070b900000, 0x000000070b900000, 0x000000070ba00000|  0%| F|  |TAMS 0x000000070b900000, 0x000000070b900000| Untracked 
| 118|0x000000070ba00000, 0x000000070ba00000, 0x000000070bb00000|  0%| F|  |TAMS 0x000000070ba00000, 0x000000070ba00000| Untracked 
| 119|0x000000070bb00000, 0x000000070bb00000, 0x000000070bc00000|  0%| F|  |TAMS 0x000000070bb00000, 0x000000070bb00000| Untracked 
| 120|0x000000070bc00000, 0x000000070bc00000, 0x000000070bd00000|  0%| F|  |TAMS 0x000000070bc00000, 0x000000070bc00000| Untracked 
| 121|0x000000070bd00000, 0x000000070bd00000, 0x000000070be00000|  0%| F|  |TAMS 0x000000070bd00000, 0x000000070bd00000| Untracked 
| 122|0x000000070be00000, 0x000000070be00000, 0x000000070bf00000|  0%| F|  |TAMS 0x000000070be00000, 0x000000070be00000| Untracked 
| 123|0x000000070bf00000, 0x000000070bf00000, 0x000000070c000000|  0%| F|  |TAMS 0x000000070bf00000, 0x000000070bf00000| Untracked 
| 124|0x000000070c000000, 0x000000070c000000, 0x000000070c100000|  0%| F|  |TAMS 0x000000070c000000, 0x000000070c000000| Untracked 
| 125|0x000000070c100000, 0x000000070c100000, 0x000000070c200000|  0%| F|  |TAMS 0x000000070c100000, 0x000000070c100000| Untracked 
| 126|0x000000070c200000, 0x000000070c200000, 0x000000070c300000|  0%| F|  |TAMS 0x000000070c200000, 0x000000070c200000| Untracked 
| 127|0x000000070c300000, 0x000000070c300000, 0x000000070c400000|  0%| F|  |TAMS 0x000000070c300000, 0x000000070c300000| Untracked 
| 128|0x000000070c400000, 0x000000070c400000, 0x000000070c500000|  0%| F|  |TAMS 0x000000070c400000, 0x000000070c400000| Untracked 
| 129|0x000000070c500000, 0x000000070c500000, 0x000000070c600000|  0%| F|  |TAMS 0x000000070c500000, 0x000000070c500000| Untracked 
| 130|0x000000070c600000, 0x000000070c600000, 0x000000070c700000|  0%| F|  |TAMS 0x000000070c600000, 0x000000070c600000| Untracked 
| 131|0x000000070c700000, 0x000000070c700000, 0x000000070c800000|  0%| F|  |TAMS 0x000000070c700000, 0x000000070c700000| Untracked 
| 132|0x000000070c800000, 0x000000070c800000, 0x000000070c900000|  0%| F|  |TAMS 0x000000070c800000, 0x000000070c800000| Untracked 
| 133|0x000000070c900000, 0x000000070c900000, 0x000000070ca00000|  0%| F|  |TAMS 0x000000070c900000, 0x000000070c900000| Untracked 
| 134|0x000000070ca00000, 0x000000070ca00000, 0x000000070cb00000|  0%| F|  |TAMS 0x000000070ca00000, 0x000000070ca00000| Untracked 
| 135|0x000000070cb00000, 0x000000070cb00000, 0x000000070cc00000|  0%| F|  |TAMS 0x000000070cb00000, 0x000000070cb00000| Untracked 
| 136|0x000000070cc00000, 0x000000070cc00000, 0x000000070cd00000|  0%| F|  |TAMS 0x000000070cc00000, 0x000000070cc00000| Untracked 
| 137|0x000000070cd00000, 0x000000070cd00000, 0x000000070ce00000|  0%| F|  |TAMS 0x000000070cd00000, 0x000000070cd00000| Untracked 
| 138|0x000000070ce00000, 0x000000070ce00000, 0x000000070cf00000|  0%| F|  |TAMS 0x000000070ce00000, 0x000000070ce00000| Untracked 
| 139|0x000000070cf00000, 0x000000070cf00000, 0x000000070d000000|  0%| F|  |TAMS 0x000000070cf00000, 0x000000070cf00000| Untracked 
| 140|0x000000070d000000, 0x000000070d000000, 0x000000070d100000|  0%| F|  |TAMS 0x000000070d000000, 0x000000070d000000| Untracked 
| 141|0x000000070d100000, 0x000000070d100000, 0x000000070d200000|  0%| F|  |TAMS 0x000000070d100000, 0x000000070d100000| Untracked 
| 142|0x000000070d200000, 0x000000070d200000, 0x000000070d300000|  0%| F|  |TAMS 0x000000070d200000, 0x000000070d200000| Untracked 
| 143|0x000000070d300000, 0x000000070d300000, 0x000000070d400000|  0%| F|  |TAMS 0x000000070d300000, 0x000000070d300000| Untracked 
| 144|0x000000070d400000, 0x000000070d400000, 0x000000070d500000|  0%| F|  |TAMS 0x000000070d400000, 0x000000070d400000| Untracked 
| 145|0x000000070d500000, 0x000000070d500000, 0x000000070d600000|  0%| F|  |TAMS 0x000000070d500000, 0x000000070d500000| Untracked 
| 146|0x000000070d600000, 0x000000070d600000, 0x000000070d700000|  0%| F|  |TAMS 0x000000070d600000, 0x000000070d600000| Untracked 
| 147|0x000000070d700000, 0x000000070d700000, 0x000000070d800000|  0%| F|  |TAMS 0x000000070d700000, 0x000000070d700000| Untracked 
| 148|0x000000070d800000, 0x000000070d800000, 0x000000070d900000|  0%| F|  |TAMS 0x000000070d800000, 0x000000070d800000| Untracked 
| 149|0x000000070d900000, 0x000000070d900000, 0x000000070da00000|  0%| F|  |TAMS 0x000000070d900000, 0x000000070d900000| Untracked 
| 150|0x000000070da00000, 0x000000070da00000, 0x000000070db00000|  0%| F|  |TAMS 0x000000070da00000, 0x000000070da00000| Untracked 
| 151|0x000000070db00000, 0x000000070db00000, 0x000000070dc00000|  0%| F|  |TAMS 0x000000070db00000, 0x000000070db00000| Untracked 
| 152|0x000000070dc00000, 0x000000070dc00000, 0x000000070dd00000|  0%| F|  |TAMS 0x000000070dc00000, 0x000000070dc00000| Untracked 
| 153|0x000000070dd00000, 0x000000070dd00000, 0x000000070de00000|  0%| F|  |TAMS 0x000000070dd00000, 0x000000070dd00000| Untracked 
| 154|0x000000070de00000, 0x000000070de00000, 0x000000070df00000|  0%| F|  |TAMS 0x000000070de00000, 0x000000070de00000| Untracked 
| 155|0x000000070df00000, 0x000000070df00000, 0x000000070e000000|  0%| F|  |TAMS 0x000000070df00000, 0x000000070df00000| Untracked 
| 156|0x000000070e000000, 0x000000070e000000, 0x000000070e100000|  0%| F|  |TAMS 0x000000070e000000, 0x000000070e000000| Untracked 
| 157|0x000000070e100000, 0x000000070e100000, 0x000000070e200000|  0%| F|  |TAMS 0x000000070e100000, 0x000000070e100000| Untracked 
| 158|0x000000070e200000, 0x000000070e200000, 0x000000070e300000|  0%| F|  |TAMS 0x000000070e200000, 0x000000070e200000| Untracked 
| 159|0x000000070e300000, 0x000000070e300000, 0x000000070e400000|  0%| F|  |TAMS 0x000000070e300000, 0x000000070e300000| Untracked 
| 160|0x000000070e400000, 0x000000070e400000, 0x000000070e500000|  0%| F|  |TAMS 0x000000070e400000, 0x000000070e400000| Untracked 
| 161|0x000000070e500000, 0x000000070e500000, 0x000000070e600000|  0%| F|  |TAMS 0x000000070e500000, 0x000000070e500000| Untracked 
| 162|0x000000070e600000, 0x000000070e600000, 0x000000070e700000|  0%| F|  |TAMS 0x000000070e600000, 0x000000070e600000| Untracked 
| 163|0x000000070e700000, 0x000000070e700000, 0x000000070e800000|  0%| F|  |TAMS 0x000000070e700000, 0x000000070e700000| Untracked 
| 164|0x000000070e800000, 0x000000070e800000, 0x000000070e900000|  0%| F|  |TAMS 0x000000070e800000, 0x000000070e800000| Untracked 
| 165|0x000000070e900000, 0x000000070e900000, 0x000000070ea00000|  0%| F|  |TAMS 0x000000070e900000, 0x000000070e900000| Untracked 
| 166|0x000000070ea00000, 0x000000070ea00000, 0x000000070eb00000|  0%| F|  |TAMS 0x000000070ea00000, 0x000000070ea00000| Untracked 
| 167|0x000000070eb00000, 0x000000070eb00000, 0x000000070ec00000|  0%| F|  |TAMS 0x000000070eb00000, 0x000000070eb00000| Untracked 
| 168|0x000000070ec00000, 0x000000070ec00000, 0x000000070ed00000|  0%| F|  |TAMS 0x000000070ec00000, 0x000000070ec00000| Untracked 
| 169|0x000000070ed00000, 0x000000070ed00000, 0x000000070ee00000|  0%| F|  |TAMS 0x000000070ed00000, 0x000000070ed00000| Untracked 
| 170|0x000000070ee00000, 0x000000070ee00000, 0x000000070ef00000|  0%| F|  |TAMS 0x000000070ee00000, 0x000000070ee00000| Untracked 
| 171|0x000000070ef00000, 0x000000070ef00000, 0x000000070f000000|  0%| F|  |TAMS 0x000000070ef00000, 0x000000070ef00000| Untracked 
| 172|0x000000070f000000, 0x000000070f000000, 0x000000070f100000|  0%| F|  |TAMS 0x000000070f000000, 0x000000070f000000| Untracked 
| 173|0x000000070f100000, 0x000000070f100000, 0x000000070f200000|  0%| F|  |TAMS 0x000000070f100000, 0x000000070f100000| Untracked 
| 174|0x000000070f200000, 0x000000070f200000, 0x000000070f300000|  0%| F|  |TAMS 0x000000070f200000, 0x000000070f200000| Untracked 
| 175|0x000000070f300000, 0x000000070f300000, 0x000000070f400000|  0%| F|  |TAMS 0x000000070f300000, 0x000000070f300000| Untracked 
| 176|0x000000070f400000, 0x000000070f400000, 0x000000070f500000|  0%| F|  |TAMS 0x000000070f400000, 0x000000070f400000| Untracked 
| 177|0x000000070f500000, 0x000000070f500000, 0x000000070f600000|  0%| F|  |TAMS 0x000000070f500000, 0x000000070f500000| Untracked 
| 178|0x000000070f600000, 0x000000070f600000, 0x000000070f700000|  0%| F|  |TAMS 0x000000070f600000, 0x000000070f600000| Untracked 
| 179|0x000000070f700000, 0x000000070f700000, 0x000000070f800000|  0%| F|  |TAMS 0x000000070f700000, 0x000000070f700000| Untracked 
| 180|0x000000070f800000, 0x000000070f800000, 0x000000070f900000|  0%| F|  |TAMS 0x000000070f800000, 0x000000070f800000| Untracked 
| 181|0x000000070f900000, 0x000000070f900000, 0x000000070fa00000|  0%| F|  |TAMS 0x000000070f900000, 0x000000070f900000| Untracked 
| 182|0x000000070fa00000, 0x000000070fa00000, 0x000000070fb00000|  0%| F|  |TAMS 0x000000070fa00000, 0x000000070fa00000| Untracked 
| 183|0x000000070fb00000, 0x000000070fb00000, 0x000000070fc00000|  0%| F|  |TAMS 0x000000070fb00000, 0x000000070fb00000| Untracked 
| 184|0x000000070fc00000, 0x000000070fc00000, 0x000000070fd00000|  0%| F|  |TAMS 0x000000070fc00000, 0x000000070fc00000| Untracked 
| 185|0x000000070fd00000, 0x000000070fd00000, 0x000000070fe00000|  0%| F|  |TAMS 0x000000070fd00000, 0x000000070fd00000| Untracked 
| 186|0x000000070fe00000, 0x000000070fe00000, 0x000000070ff00000|  0%| F|  |TAMS 0x000000070fe00000, 0x000000070fe00000| Untracked 
| 187|0x000000070ff00000, 0x000000070ff00000, 0x0000000710000000|  0%| F|  |TAMS 0x000000070ff00000, 0x000000070ff00000| Untracked 
| 188|0x0000000710000000, 0x0000000710000000, 0x0000000710100000|  0%| F|  |TAMS 0x0000000710000000, 0x0000000710000000| Untracked 
| 189|0x0000000710100000, 0x0000000710100000, 0x0000000710200000|  0%| F|  |TAMS 0x0000000710100000, 0x0000000710100000| Untracked 
| 190|0x0000000710200000, 0x0000000710200000, 0x0000000710300000|  0%| F|  |TAMS 0x0000000710200000, 0x0000000710200000| Untracked 
| 191|0x0000000710300000, 0x0000000710300000, 0x0000000710400000|  0%| F|  |TAMS 0x0000000710300000, 0x0000000710300000| Untracked 
| 192|0x0000000710400000, 0x0000000710400000, 0x0000000710500000|  0%| F|  |TAMS 0x0000000710400000, 0x0000000710400000| Untracked 
| 193|0x0000000710500000, 0x0000000710500000, 0x0000000710600000|  0%| F|  |TAMS 0x0000000710500000, 0x0000000710500000| Untracked 
| 194|0x0000000710600000, 0x0000000710600000, 0x0000000710700000|  0%| F|  |TAMS 0x0000000710600000, 0x0000000710600000| Untracked 
| 195|0x0000000710700000, 0x0000000710700000, 0x0000000710800000|  0%| F|  |TAMS 0x0000000710700000, 0x0000000710700000| Untracked 
| 196|0x0000000710800000, 0x0000000710800000, 0x0000000710900000|  0%| F|  |TAMS 0x0000000710800000, 0x0000000710800000| Untracked 
| 197|0x0000000710900000, 0x0000000710900000, 0x0000000710a00000|  0%| F|  |TAMS 0x0000000710900000, 0x0000000710900000| Untracked 
| 198|0x0000000710a00000, 0x0000000710a00000, 0x0000000710b00000|  0%| F|  |TAMS 0x0000000710a00000, 0x0000000710a00000| Untracked 
| 199|0x0000000710b00000, 0x0000000710b00000, 0x0000000710c00000|  0%| F|  |TAMS 0x0000000710b00000, 0x0000000710b00000| Untracked 
| 200|0x0000000710c00000, 0x0000000710c00000, 0x0000000710d00000|  0%| F|  |TAMS 0x0000000710c00000, 0x0000000710c00000| Untracked 
| 201|0x0000000710d00000, 0x0000000710d00000, 0x0000000710e00000|  0%| F|  |TAMS 0x0000000710d00000, 0x0000000710d00000| Untracked 
| 202|0x0000000710e00000, 0x0000000710e00000, 0x0000000710f00000|  0%| F|  |TAMS 0x0000000710e00000, 0x0000000710e00000| Untracked 
| 203|0x0000000710f00000, 0x0000000710f00000, 0x0000000711000000|  0%| F|  |TAMS 0x0000000710f00000, 0x0000000710f00000| Untracked 
| 204|0x0000000711000000, 0x0000000711000000, 0x0000000711100000|  0%| F|  |TAMS 0x0000000711000000, 0x0000000711000000| Untracked 
| 205|0x0000000711100000, 0x0000000711100000, 0x0000000711200000|  0%| F|  |TAMS 0x0000000711100000, 0x0000000711100000| Untracked 
| 206|0x0000000711200000, 0x0000000711200000, 0x0000000711300000|  0%| F|  |TAMS 0x0000000711200000, 0x0000000711200000| Untracked 
| 207|0x0000000711300000, 0x0000000711400000, 0x0000000711400000|100%| S|CS|TAMS 0x0000000711300000, 0x0000000711300000| Complete 
| 208|0x0000000711400000, 0x0000000711500000, 0x0000000711500000|100%| S|CS|TAMS 0x0000000711400000, 0x0000000711400000| Complete 
| 209|0x0000000711500000, 0x0000000711600000, 0x0000000711600000|100%| S|CS|TAMS 0x0000000711500000, 0x0000000711500000| Complete 
| 210|0x0000000711600000, 0x0000000711700000, 0x0000000711700000|100%| S|CS|TAMS 0x0000000711600000, 0x0000000711600000| Complete 
| 211|0x0000000711700000, 0x0000000711800000, 0x0000000711800000|100%| S|CS|TAMS 0x0000000711700000, 0x0000000711700000| Complete 
| 212|0x0000000711800000, 0x0000000711800000, 0x0000000711900000|  0%| F|  |TAMS 0x0000000711800000, 0x0000000711800000| Untracked 
| 213|0x0000000711900000, 0x0000000711900000, 0x0000000711a00000|  0%| F|  |TAMS 0x0000000711900000, 0x0000000711900000| Untracked 
| 214|0x0000000711a00000, 0x0000000711a00000, 0x0000000711b00000|  0%| F|  |TAMS 0x0000000711a00000, 0x0000000711a00000| Untracked 
| 215|0x0000000711b00000, 0x0000000711b00800, 0x0000000711c00000|  0%| E|  |TAMS 0x0000000711b00000, 0x0000000711b00000| Complete 
| 216|0x0000000711c00000, 0x0000000711d00000, 0x0000000711d00000|100%| E|CS|TAMS 0x0000000711c00000, 0x0000000711c00000| Complete 
| 217|0x0000000711d00000, 0x0000000711e00000, 0x0000000711e00000|100%| E|CS|TAMS 0x0000000711d00000, 0x0000000711d00000| Complete 
| 218|0x0000000711e00000, 0x0000000711f00000, 0x0000000711f00000|100%| E|CS|TAMS 0x0000000711e00000, 0x0000000711e00000| Complete 
| 219|0x0000000711f00000, 0x0000000712000000, 0x0000000712000000|100%| E|CS|TAMS 0x0000000711f00000, 0x0000000711f00000| Complete 
| 220|0x0000000712000000, 0x0000000712100000, 0x0000000712100000|100%| E|CS|TAMS 0x0000000712000000, 0x0000000712000000| Complete 
| 221|0x0000000712100000, 0x0000000712200000, 0x0000000712200000|100%| E|CS|TAMS 0x0000000712100000, 0x0000000712100000| Complete 
| 222|0x0000000712200000, 0x0000000712300000, 0x0000000712300000|100%| E|CS|TAMS 0x0000000712200000, 0x0000000712200000| Complete 
| 223|0x0000000712300000, 0x0000000712400000, 0x0000000712400000|100%| E|CS|TAMS 0x0000000712300000, 0x0000000712300000| Complete 
| 224|0x0000000712400000, 0x0000000712500000, 0x0000000712500000|100%| E|CS|TAMS 0x0000000712400000, 0x0000000712400000| Complete 
| 225|0x0000000712500000, 0x0000000712600000, 0x0000000712600000|100%| E|CS|TAMS 0x0000000712500000, 0x0000000712500000| Complete 
| 226|0x0000000712600000, 0x0000000712700000, 0x0000000712700000|100%| E|CS|TAMS 0x0000000712600000, 0x0000000712600000| Complete 
| 227|0x0000000712700000, 0x0000000712800000, 0x0000000712800000|100%| E|CS|TAMS 0x0000000712700000, 0x0000000712700000| Complete 
| 228|0x0000000712800000, 0x0000000712900000, 0x0000000712900000|100%| E|CS|TAMS 0x0000000712800000, 0x0000000712800000| Complete 
| 229|0x0000000712900000, 0x0000000712a00000, 0x0000000712a00000|100%| E|CS|TAMS 0x0000000712900000, 0x0000000712900000| Complete 
| 230|0x0000000712a00000, 0x0000000712b00000, 0x0000000712b00000|100%| E|CS|TAMS 0x0000000712a00000, 0x0000000712a00000| Complete 
| 231|0x0000000712b00000, 0x0000000712c00000, 0x0000000712c00000|100%| E|CS|TAMS 0x0000000712b00000, 0x0000000712b00000| Complete 
| 232|0x0000000712c00000, 0x0000000712d00000, 0x0000000712d00000|100%| E|CS|TAMS 0x0000000712c00000, 0x0000000712c00000| Complete 
| 233|0x0000000712d00000, 0x0000000712e00000, 0x0000000712e00000|100%| E|CS|TAMS 0x0000000712d00000, 0x0000000712d00000| Complete 
| 234|0x0000000712e00000, 0x0000000712f00000, 0x0000000712f00000|100%| E|CS|TAMS 0x0000000712e00000, 0x0000000712e00000| Complete 
| 235|0x0000000712f00000, 0x0000000713000000, 0x0000000713000000|100%| E|CS|TAMS 0x0000000712f00000, 0x0000000712f00000| Complete 
| 236|0x0000000713000000, 0x0000000713100000, 0x0000000713100000|100%| E|CS|TAMS 0x0000000713000000, 0x0000000713000000| Complete 
| 237|0x0000000713100000, 0x0000000713200000, 0x0000000713200000|100%| E|CS|TAMS 0x0000000713100000, 0x0000000713100000| Complete 
| 238|0x0000000713200000, 0x0000000713300000, 0x0000000713300000|100%| E|CS|TAMS 0x0000000713200000, 0x0000000713200000| Complete 
| 239|0x0000000713300000, 0x0000000713400000, 0x0000000713400000|100%| E|CS|TAMS 0x0000000713300000, 0x0000000713300000| Complete 
| 240|0x0000000713400000, 0x0000000713500000, 0x0000000713500000|100%| E|CS|TAMS 0x0000000713400000, 0x0000000713400000| Complete 
| 241|0x0000000713500000, 0x0000000713600000, 0x0000000713600000|100%| E|CS|TAMS 0x0000000713500000, 0x0000000713500000| Complete 
| 242|0x0000000713600000, 0x0000000713700000, 0x0000000713700000|100%| E|CS|TAMS 0x0000000713600000, 0x0000000713600000| Complete 
| 243|0x0000000713700000, 0x0000000713800000, 0x0000000713800000|100%| E|CS|TAMS 0x0000000713700000, 0x0000000713700000| Complete 
| 244|0x0000000713800000, 0x0000000713900000, 0x0000000713900000|100%| E|CS|TAMS 0x0000000713800000, 0x0000000713800000| Complete 
| 245|0x0000000713900000, 0x0000000713a00000, 0x0000000713a00000|100%| E|CS|TAMS 0x0000000713900000, 0x0000000713900000| Complete 
| 246|0x0000000713a00000, 0x0000000713b00000, 0x0000000713b00000|100%| E|CS|TAMS 0x0000000713a00000, 0x0000000713a00000| Complete 
| 247|0x0000000713b00000, 0x0000000713c00000, 0x0000000713c00000|100%| E|CS|TAMS 0x0000000713b00000, 0x0000000713b00000| Complete 
| 248|0x0000000713c00000, 0x0000000713d00000, 0x0000000713d00000|100%| E|CS|TAMS 0x0000000713c00000, 0x0000000713c00000| Complete 
| 249|0x0000000713d00000, 0x0000000713e00000, 0x0000000713e00000|100%| E|CS|TAMS 0x0000000713d00000, 0x0000000713d00000| Complete 
| 250|0x0000000713e00000, 0x0000000713f00000, 0x0000000713f00000|100%| E|CS|TAMS 0x0000000713e00000, 0x0000000713e00000| Complete 
| 251|0x0000000713f00000, 0x0000000714000000, 0x0000000714000000|100%| E|CS|TAMS 0x0000000713f00000, 0x0000000713f00000| Complete 

Card table byte_map: [0x000001891ef80000,0x000001891f760000] _byte_map_base: 0x000001891b75e000

Marking Bits (Prev, Next): (CMBitMap*) 0x0000018907029b20, (CMBitMap*) 0x0000018907029ae8
 Prev Bits: [0x0000018923e30000, 0x0000018927d20000)
 Next Bits: [0x000001891ff40000, 0x0000018923e30000)

Polling page: 0x0000018906790000

Metaspace:

Usage:
  Non-class:     30.07 MB capacity,    29.50 MB ( 98%) used,   480.27 KB (  2%) free+waste,   109.69 KB ( <1%) overhead. 
      Class:      4.30 MB capacity,     3.91 MB ( 91%) used,   347.13 KB (  8%) free+waste,    53.06 KB (  1%) overhead. 
       Both:     34.38 MB capacity,    33.41 MB ( 97%) used,   827.39 KB (  2%) free+waste,   162.75 KB ( <1%) overhead. 

Virtual space:
  Non-class space:       32.00 MB reserved,      30.17 MB ( 94%) committed 
      Class space:        1.00 GB reserved,       4.38 MB ( <1%) committed 
             Both:        1.03 GB reserved,      34.55 MB (  3%) committed 

Chunk freelists:
   Non-Class:  4.63 KB
       Class:  1.13 KB
        Both:  5.75 KB

CodeHeap 'non-profiled nmethods': size=120000Kb used=1019Kb max_used=1019Kb free=118980Kb
 bounds [0x0000018916f40000, 0x00000189171b0000, 0x000001891e470000]
CodeHeap 'profiled nmethods': size=120000Kb used=5242Kb max_used=5242Kb free=114757Kb
 bounds [0x000001890fa10000, 0x000001890ff30000, 0x0000018916f40000]
CodeHeap 'non-nmethods': size=5760Kb used=1202Kb max_used=1245Kb free=4557Kb
 bounds [0x000001890f470000, 0x000001890f6e0000, 0x000001890fa10000]
 total_blobs=3097 nmethods=2567 adapters=441
 compilation: enabled
              stopped_count=0, restarted_count=0
 full_count=0

Compilation events (10 events):
Event: 3.874 Thread 0x000001892b1c7000 2567       3       io.netty.buffer.UnsafeByteBufUtil::setByte (7 bytes)
Event: 3.874 Thread 0x000001892b1c7000 nmethod 2567 0x000001890ff2d410 code [0x000001890ff2d5c0, 0x000001890ff2d838]
Event: 3.874 Thread 0x000001892b1c7000 2568       3       io.netty.util.internal.PlatformDependent::putByte (6 bytes)
Event: 3.875 Thread 0x000001892b1c7000 nmethod 2568 0x000001890ff2d990 code [0x000001890ff2db40, 0x000001890ff2dd58]
Event: 3.875 Thread 0x000001892b1c7000 2569       3       io.netty.buffer.PooledUnsafeDirectByteBuf::_setByte (11 bytes)
Event: 3.875 Thread 0x000001892b1c7000 nmethod 2569 0x000001890ff2de90 code [0x000001890ff2e060, 0x000001890ff2e3b8]
Event: 3.875 Thread 0x000001892b1c7000 2570       3       io.netty.util.internal.MathUtil::isOutOfBounds (24 bytes)
Event: 3.875 Thread 0x000001892b1c7000 nmethod 2570 0x000001890ff2e590 code [0x000001890ff2e720, 0x000001890ff2e878]
Event: 3.875 Thread 0x000001892b1c7000 2571       1       io.netty.util.internal.shaded.org.jctools.queues.BaseMpscLinkedArrayQueueProducerFields::lvProducerIndex (5 bytes)
Event: 3.875 Thread 0x000001892b1c7000 nmethod 2571 0x000001891703eb90 code [0x000001891703ed20, 0x000001891703edd8]

GC Heap History (6 events):
Event: 0.931 GC heap before
{Heap before GC invocations=0 (full 0):
 garbage-first heap   total 258048K, used 23552K [0x0000000704400000, 0x0000000800000000)
  region size 1024K, 24 young (24576K), 0 survivors (0K)
 Metaspace       used 12227K, capacity 12557K, committed 12672K, reserved 1060864K
  class space    used 1223K, capacity 1340K, committed 1408K, reserved 1048576K
}
Event: 0.935 GC heap after
{Heap after GC invocations=1 (full 0):
 garbage-first heap   total 258048K, used 5318K [0x0000000704400000, 0x0000000800000000)
  region size 1024K, 3 young (3072K), 3 survivors (3072K)
 Metaspace       used 12227K, capacity 12557K, committed 12672K, reserved 1060864K
  class space    used 1223K, capacity 1340K, committed 1408K, reserved 1048576K
}
Event: 1.668 GC heap before
{Heap before GC invocations=1 (full 0):
 garbage-first heap   total 258048K, used 32966K [0x0000000704400000, 0x0000000800000000)
  region size 1024K, 31 young (31744K), 3 survivors (3072K)
 Metaspace       used 20598K, capacity 21186K, committed 21296K, reserved 1069056K
  class space    used 2231K, capacity 2432K, committed 2432K, reserved 1048576K
}
Event: 1.673 GC heap after
{Heap after GC invocations=2 (full 0):
 garbage-first heap   total 258048K, used 7768K [0x0000000704400000, 0x0000000800000000)
  region size 1024K, 6 young (6144K), 6 survivors (6144K)
 Metaspace       used 20598K, capacity 21186K, committed 21296K, reserved 1069056K
  class space    used 2231K, capacity 2432K, committed 2432K, reserved 1048576K
}
Event: 2.260 GC heap before
{Heap before GC invocations=3 (full 0):
 garbage-first heap   total 258048K, used 42584K [0x0000000704400000, 0x0000000800000000)
  region size 1024K, 40 young (40960K), 6 survivors (6144K)
 Metaspace       used 27974K, capacity 28736K, committed 28976K, reserved 1075200K
  class space    used 3123K, capacity 3416K, committed 3456K, reserved 1048576K
}
Event: 2.267 GC heap after
{Heap after GC invocations=4 (full 0):
 garbage-first heap   total 258048K, used 10575K [0x0000000704400000, 0x0000000800000000)
  region size 1024K, 5 young (5120K), 5 survivors (5120K)
 Metaspace       used 27974K, capacity 28736K, committed 28976K, reserved 1075200K
  class space    used 3123K, capacity 3416K, committed 3456K, reserved 1048576K
}

Deoptimization events (10 events):
Event: 1.371 Thread 0x0000018906fc7800 Uncommon trap: reason=unstable_if action=reinterpret pc=0x0000018916fbc9a0 method=java.lang.CharacterDataLatin1.isWhitespace(I)Z @ 14 c2
Event: 1.493 Thread 0x0000018906fc7800 Uncommon trap: reason=unstable_if action=reinterpret pc=0x0000018916fcc6dc method=java.lang.StringLatin1.regionMatchesCI([BI[BII)Z @ 66 c2
Event: 1.501 Thread 0x0000018906fc7800 Uncommon trap: reason=unstable_if action=reinterpret pc=0x0000018916f8aa64 method=java.util.jar.JarFile.getVersionedEntry(Ljava/lang/String;Ljava/util/jar/JarEntry;)Ljava/util/jar/JarEntry; @ 7 c2
Event: 2.301 Thread 0x0000018906fc7800 Uncommon trap: reason=unstable_if action=reinterpret pc=0x0000018916faaad8 method=java.lang.String.replace(CC)Ljava/lang/String; @ 2 c2
Event: 2.382 Thread 0x000001892ca66800 Uncommon trap: reason=unstable_if action=reinterpret pc=0x0000018916fec7c8 method=java.lang.CharacterDataLatin1.digit(II)I @ 12 c2
Event: 2.396 Thread 0x0000018906fc7800 Uncommon trap: reason=unstable_if action=reinterpret pc=0x000001891700d3c8 method=jdk.internal.org.objectweb.asm.Type.getArgumentsAndReturnSizes(Ljava/lang/String;)I @ 47 c2
Event: 2.417 Thread 0x0000018906fc7800 Uncommon trap: reason=unstable_if action=reinterpret pc=0x0000018917003ca8 method=java.io.ByteArrayInputStream.read([BII)I @ 35 c2
Event: 2.506 Thread 0x0000018906fc7800 Uncommon trap: reason=unstable_if action=reinterpret pc=0x0000018916fecec4 method=java.lang.CharacterDataLatin1.digit(II)I @ 12 c2
Event: 3.845 Thread 0x0000018906fc7800 Uncommon trap: reason=unstable_if action=reinterpret pc=0x0000018916fe7428 method=jdk.internal.org.objectweb.asm.Item.isEqualTo(Ljdk/internal/org/objectweb/asm/Item;)Z @ 331 c2
Event: 3.875 Thread 0x000001892cc42800 Uncommon trap: reason=unstable_if action=reinterpret pc=0x0000018916ffa158 method=java.io.ByteArrayInputStream.read()I @ 8 c2

Classes redefined (0 events):
No events

Internal exceptions (10 events):
Event: 2.395 Thread 0x0000018906fc7800 Exception <a 'java/lang/NoSuchMethodError'{0x0000000713a98178}: java.lang.invoke.DirectMethodHandle$Holder.invokeVirtual(Ljava/lang/Object;Ljava/lang/Object;)F> (0x0000000713a98178) thrown at [./open/src/hotspot/share/interpreter/linkResolver.cpp, line 77
Event: 2.396 Thread 0x0000018906fc7800 Exception <a 'java/lang/NoSuchMethodError'{0x0000000713aa08b8}: java.lang.invoke.DirectMethodHandle$Holder.invokeVirtual(Ljava/lang/Object;Ljava/lang/Object;)J> (0x0000000713aa08b8) thrown at [./open/src/hotspot/share/interpreter/linkResolver.cpp, line 77
Event: 2.400 Thread 0x0000018906fc7800 Exception <a 'java/lang/NoSuchMethodError'{0x0000000713ade238}: java.lang.invoke.DirectMethodHandle$Holder.invokeVirtual(Ljava/lang/Object;Ljava/lang/Object;Ljava/lang/Object;)Ljava/lang/Object;> (0x0000000713ade238) thrown at [./open/src/hotspot/share/in
Event: 2.411 Thread 0x0000018906fc7800 Exception <a 'java/lang/NoSuchMethodError'{0x0000000713816850}: java.lang.invoke.DirectMethodHandle$Holder.invokeStatic(Ljava/lang/Object;Ljava/lang/Object;I)V> (0x0000000713816850) thrown at [./open/src/hotspot/share/interpreter/linkResolver.cpp, line 77
Event: 2.454 Thread 0x0000018906fc7800 Exception <a 'java/lang/NoSuchMethodError'{0x000000071369eec8}: java.lang.invoke.DirectMethodHandle$Holder.invokeSpecialIFC(Ljava/lang/Object;Ljava/lang/Object;Ljava/lang/Object;)I> (0x000000071369eec8) thrown at [./open/src/hotspot/share/interpreter/link
Event: 2.462 Thread 0x0000018906fc7800 Exception <a 'java/lang/NoSuchMethodError'{0x0000000713506688}: java.lang.invoke.DirectMethodHandle$Holder.invokeStatic(Ljava/lang/Object;Ljava/lang/Object;Ljava/lang/Object;Ljava/lang/Object;Ljava/lang/Object;)V> (0x0000000713506688) thrown at [./open/sr
Event: 2.508 Thread 0x0000018906fc7800 Exception <a 'java/lang/NoSuchMethodError'{0x00000007131ee800}: java.lang.invoke.DirectMethodHandle$Holder.invokeSpecial(Ljava/lang/Object;Ljava/lang/Object;Ljava/lang/Object;Ljava/lang/Object;Ljava/lang/Object;Ljava/lang/Object;)V> (0x00000007131ee800) t
Event: 3.674 Thread 0x0000018906fc7800 Exception <a 'java/lang/NoSuchMethodError'{0x0000000712313ae0}: java.lang.invoke.DirectMethodHandle$Holder.invokeSpecialIFC(Ljava/lang/Object;Ljava/lang/Object;Ljava/lang/Object;)Ljava/lang/Object;> (0x0000000712313ae0) thrown at [./open/src/hotspot/share
Event: 3.836 Thread 0x0000018906fc7800 Exception <a 'java/lang/NoSuchMethodError'{0x0000000711d67328}: java.lang.invoke.DirectMethodHandle$Holder.invokeStatic(Ljava/lang/Object;ILjava/lang/Object;)Ljava/lang/Object;> (0x0000000711d67328) thrown at [./open/src/hotspot/share/interpreter/linkReso
Event: 3.853 Thread 0x0000018906fc7800 Exception <a 'java/lang/ClassNotFoundException'{0x0000000711ddac58}: sun/util/logging/resources/spi/loggingProvider> (0x0000000711ddac58) thrown at [./open/src/hotspot/share/classfile/systemDictionary.cpp, line 228]

Events (10 events):
Event: 3.874 Executing VM operation: RevokeBias done
Event: 3.874 Thread 0x000001892cc42800 Uncommon trap: trap_request=0xffffff4d fr.pc=0x0000018916ffa158 relative=0x0000000000000238
Event: 3.874 Executing VM operation: RevokeBias
Event: 3.875 Executing VM operation: RevokeBias done
Event: 3.875 Thread 0x000001892cc42800 DEOPT PACKING pc=0x0000018916ffa158 sp=0x00000020b93fe970
Event: 3.875 Thread 0x000001892cc42800 DEOPT UNPACKING pc=0x000001890f4783af sp=0x00000020b93fe928 mode 2
Event: 3.875 Executing VM operation: RevokeBias
Event: 3.875 Executing VM operation: RevokeBias done
Event: 3.875 Executing VM operation: RevokeBias
Event: 3.876 Executing VM operation: RevokeBias done


Dynamic libraries:
0x00007ff792400000 - 0x00007ff79240f000 	C:\Program Files\Java\jdk-11.0.12\bin\java.exe
0x00007ffc7aa10000 - 0x00007ffc7ac24000 	C:\WINDOWS\SYSTEM32\ntdll.dll
0x00007ffc78ad0000 - 0x00007ffc78b93000 	C:\WINDOWS\System32\KERNEL32.DLL
0x00007ffc783d0000 - 0x00007ffc7876c000 	C:\WINDOWS\System32\KERNELBASE.dll
0x00007ffc78190000 - 0x00007ffc782a1000 	C:\WINDOWS\System32\ucrtbase.dll
0x00007ffc5d9d0000 - 0x00007ffc5d9e5000 	C:\Program Files\Java\jdk-11.0.12\bin\VCRUNTIME140.dll
0x00007ffc5eb60000 - 0x00007ffc5eb78000 	C:\Program Files\Java\jdk-11.0.12\bin\jli.dll
0x00007ffc7a340000 - 0x00007ffc7a3ee000 	C:\WINDOWS\System32\ADVAPI32.dll
0x00007ffc7a080000 - 0x00007ffc7a127000 	C:\WINDOWS\System32\msvcrt.dll
0x00007ffc798b0000 - 0x00007ffc79954000 	C:\WINDOWS\System32\sechost.dll
0x00007ffc799b0000 - 0x00007ffc79ac5000 	C:\WINDOWS\System32\RPCRT4.dll
0x00007ffc79ad0000 - 0x00007ffc79c7d000 	C:\WINDOWS\System32\USER32.dll
0x00007ffc78770000 - 0x00007ffc78796000 	C:\WINDOWS\System32\win32u.dll
0x00007ffc5d680000 - 0x00007ffc5d90e000 	C:\WINDOWS\WinSxS\amd64_microsoft.windows.common-controls_6595b64144ccf1df_6.0.22621.608_none_a9444ca7c10bb01d\COMCTL32.dll
0x00007ffc7a500000 - 0x00007ffc7a529000 	C:\WINDOWS\System32\GDI32.dll
0x00007ffc782b0000 - 0x00007ffc783c2000 	C:\WINDOWS\System32\gdi32full.dll
0x00007ffc77f10000 - 0x00007ffc77faa000 	C:\WINDOWS\System32\msvcp_win.dll
0x00007ffc6e1f0000 - 0x00007ffc6e1fa000 	C:\WINDOWS\SYSTEM32\VERSION.dll
0x00007ffc79080000 - 0x00007ffc790b2000 	C:\WINDOWS\System32\IMM32.DLL
0x00007ffc1c0d0000 - 0x00007ffc1c16b000 	C:\Program Files\Java\jdk-11.0.12\bin\msvcp140.dll
0x00007ffbeb300000 - 0x00007ffbebdff000 	C:\Program Files\Java\jdk-11.0.12\bin\server\jvm.dll
0x00007ffc7a3f0000 - 0x00007ffc7a3f8000 	C:\WINDOWS\System32\PSAPI.DLL
0x00007ffc74d70000 - 0x00007ffc74da4000 	C:\WINDOWS\SYSTEM32\WINMM.dll
0x00007ffc43bd0000 - 0x00007ffc43bd9000 	C:\WINDOWS\SYSTEM32\WSOCK32.dll
0x00007ffc79e40000 - 0x00007ffc79eb1000 	C:\WINDOWS\System32\WS2_32.dll
0x00007ffc76f90000 - 0x00007ffc76fa8000 	C:\WINDOWS\SYSTEM32\kernel.appcore.dll
0x00007ffc5f890000 - 0x00007ffc5f8a0000 	C:\Program Files\Java\jdk-11.0.12\bin\verify.dll
0x00007ffc75810000 - 0x00007ffc75a3e000 	C:\WINDOWS\SYSTEM32\DBGHELP.DLL
0x00007ffc7a640000 - 0x00007ffc7a9ca000 	C:\WINDOWS\System32\combase.dll
0x00007ffc78830000 - 0x00007ffc78907000 	C:\WINDOWS\System32\OLEAUT32.dll
0x00007ffc74d30000 - 0x00007ffc74d62000 	C:\WINDOWS\SYSTEM32\dbgcore.DLL
0x00007ffc787a0000 - 0x00007ffc7881b000 	C:\WINDOWS\System32\bcryptPrimitives.dll
0x00007ffc5b7d0000 - 0x00007ffc5b7f8000 	C:\Program Files\Java\jdk-11.0.12\bin\java.dll
0x00007ffc5d9c0000 - 0x00007ffc5d9ca000 	C:\Program Files\Java\jdk-11.0.12\bin\jimage.dll
0x00007ffc704c0000 - 0x00007ffc704ce000 	C:\Program Files\Java\jdk-11.0.12\bin\instrument.dll
0x00007ffc5c120000 - 0x00007ffc5c136000 	C:\Program Files\Java\jdk-11.0.12\bin\zip.dll
0x00007ffc790c0000 - 0x00007ffc798af000 	C:\WINDOWS\System32\SHELL32.dll
0x00007ffc75e80000 - 0x00007ffc76748000 	C:\WINDOWS\SYSTEM32\windows.storage.dll
0x00007ffc75d40000 - 0x00007ffc75e7e000 	C:\WINDOWS\SYSTEM32\wintypes.dll
0x00007ffc7a400000 - 0x00007ffc7a4f1000 	C:\WINDOWS\System32\SHCORE.dll
0x00007ffc79020000 - 0x00007ffc7907e000 	C:\WINDOWS\System32\shlwapi.dll
0x00007ffc77d80000 - 0x00007ffc77da1000 	C:\WINDOWS\SYSTEM32\profapi.dll
0x00007ffc56270000 - 0x00007ffc56289000 	C:\Program Files\Java\jdk-11.0.12\bin\net.dll
0x00007ffc6f4e0000 - 0x00007ffc6f60f000 	C:\WINDOWS\SYSTEM32\WINHTTP.dll
0x00007ffc77400000 - 0x00007ffc77469000 	C:\WINDOWS\system32\mswsock.dll
0x00007ffc56140000 - 0x00007ffc56152000 	C:\Program Files\Java\jdk-11.0.12\bin\nio.dll
0x00007ffc614c0000 - 0x00007ffc614da000 	C:\Program Files\JetBrains\IntelliJ IDEA 2022.2.2\bin\breakgen64.dll
0x00007ffc77660000 - 0x00007ffc7767b000 	C:\WINDOWS\SYSTEM32\CRYPTSP.dll
0x00007ffc76f00000 - 0x00007ffc76f35000 	C:\WINDOWS\system32\rsaenh.dll
0x00007ffc774f0000 - 0x00007ffc77518000 	C:\WINDOWS\SYSTEM32\USERENV.dll
0x00007ffc777f0000 - 0x00007ffc77818000 	C:\WINDOWS\SYSTEM32\bcrypt.dll
0x00007ffc77650000 - 0x00007ffc7765c000 	C:\WINDOWS\SYSTEM32\CRYPTBASE.dll
0x00007ffc76960000 - 0x00007ffc7698d000 	C:\WINDOWS\SYSTEM32\IPHLPAPI.DLL
0x00007ffc79e30000 - 0x00007ffc79e39000 	C:\WINDOWS\System32\NSI.dll
0x00007ffc6e200000 - 0x00007ffc6e219000 	C:\WINDOWS\SYSTEM32\dhcpcsvc6.DLL
0x00007ffc6d860000 - 0x00007ffc6d87f000 	C:\WINDOWS\SYSTEM32\dhcpcsvc.DLL
0x00007ffc769c0000 - 0x00007ffc76ab3000 	C:\WINDOWS\SYSTEM32\DNSAPI.dll
0x00007ffc6be50000 - 0x00007ffc6be5a000 	C:\Windows\System32\rasadhlp.dll
0x00007ffc6c3d0000 - 0x00007ffc6c453000 	C:\WINDOWS\System32\fwpuclnt.dll
0x00007ffc720e0000 - 0x00007ffc72177000 	C:\WINDOWS\system32\apphelp.dll
0x00007ffc6cb80000 - 0x00007ffc6cb89000 	C:\Program Files\Java\jdk-11.0.12\bin\management.dll
0x00007ffc6c7b0000 - 0x00007ffc6c7bb000 	C:\Program Files\Java\jdk-11.0.12\bin\management_ext.dll
0x00007ffc5f8a0000 - 0x00007ffc5f8c5000 	C:\Program Files\Java\jdk-11.0.12\bin\sunec.dll

dbghelp: loaded successfully - version: 4.0.5 - missing functions: none
symbol engine: initialized successfully - sym options: 0x614 - pdb path: .;C:\Program Files\Java\jdk-11.0.12\bin;C:\WINDOWS\SYSTEM32;C:\WINDOWS\WinSxS\amd64_microsoft.windows.common-controls_6595b64144ccf1df_6.0.22621.608_none_a9444ca7c10bb01d;C:\Program Files\Java\jdk-11.0.12\bin\server;C:\Program Files\JetBrains\IntelliJ IDEA 2022.2.2\bin

VM Arguments:
jvm_args: -ea -DnodeNamesHandler=org.jetbrains.plugins.cucumber.java.run.CucumberTestTreeNodeManager -Didea.test.cyclic.buffer.size=1048576 -javaagent:C:\Program Files\JetBrains\IntelliJ IDEA 2022.2.2\lib\idea_rt.jar=55124:C:\Program Files\JetBrains\IntelliJ IDEA 2022.2.2\bin -Dfile.encoding=UTF-8 
java_command: com.intellij.rt.junit.JUnitStarter -ideVersion5 -junit4 com.amazon.runner.TestRunner
java_class_path (initial): C:\Program Files\JetBrains\IntelliJ IDEA 2022.2.2\lib\idea_rt.jar;C:\Program Files\JetBrains\IntelliJ IDEA 2022.2.2\plugins\junit\lib\junit5-rt.jar;C:\Program Files\JetBrains\IntelliJ IDEA 2022.2.2\plugins\junit\lib\junit-rt.jar;C:\Users\mahmut\IdeaProjects\amazon-cucumber\target\test-classes;C:\Users\mahmut\.m2\repository\io\cucumber\cucumber-junit\7.3.2\cucumber-junit-7.3.2.jar;C:\Users\mahmut\.m2\repository\org\apiguardian\apiguardian-api\1.1.2\apiguardian-api-1.1.2.jar;C:\Users\mahmut\.m2\repository\io\cucumber\cucumber-core\7.3.2\cucumber-core-7.3.2.jar;C:\Users\mahmut\.m2\repository\io\cucumber\cucumber-gherkin\7.3.2\cucumber-gherkin-7.3.2.jar;C:\Users\mahmut\.m2\repository\io\cucumber\cucumber-gherkin-messages\7.3.2\cucumber-gherkin-messages-7.3.2.jar;C:\Users\mahmut\.m2\repository\io\cucumber\messages\18.0.0\messages-18.0.0.jar;C:\Users\mahmut\.m2\repository\io\cucumber\tag-expressions\4.1.0\tag-expressions-4.1.0.jar;C:\Users\mahmut\.m2\repository\io\cucumber\cucumber-expressions\15.1.1\cucumber-expressions-15.1.1.jar;C:\Users\mahmut\.m2\repository\io\cucumber\datatable\7.3.2\datatable-7.3.2.jar;C:\Users\mahmut\.m2\repository\io\cucumber\cucumber-plugin\7.3.2\cucumber-plugin-7.3.2.jar;C:\Users\mahmut\.m2\repository\io\cucumber\docstring\7.3.2\docstring-7.3.2.jar;C:\Users\mahmut\.m2\repository\io\cucumber\html-formatter\19.1.0\html-formatter-19.1.0.jar;C:\Users\mahmut\.m2\repository\io\cucumber\ci-environment\9.0.4\ci-environment-9.0.4.jar;C:\Users\mahmut\.m2\repository\junit\junit\4.13.2\junit-4.13.2.jar;C:\Users\mahmut\.m2\repository\org\hamcrest\hamcrest-core\1.3\hamcrest-core-1.3.jar;C:\Users\mahmut\.m2\repository\io\cucumber\cucumber-java\7.3.2\cucumber-java-7.3.2.jar;C:\Users\mahmut\.m2\repository\org\seleniumhq\selenium\selenium-java\4.8.0\selenium-java-4.8.0.jar;C:\Users\mahmut\.m2\repository\org\seleniumhq\selenium\selenium-api\4.8.0\selenium-api-4.8.0.jar;C:\Users\mahmut\.m2\repository\org\seleniumhq\selenium\selenium-ch
Launcher Type: SUN_STANDARD

[Global flags]
     intx CICompilerCount                          = 4                                         {product} {ergonomic}
     uint ConcGCThreads                            = 2                                         {product} {ergonomic}
     uint G1ConcRefinementThreads                  = 8                                         {product} {ergonomic}
   size_t G1HeapRegionSize                         = 1048576                                   {product} {ergonomic}
    uintx GCDrainStackTargetSize                   = 64                                        {product} {ergonomic}
   size_t InitialHeapSize                          = 264241152                                 {product} {ergonomic}
   size_t MarkStackSize                            = 4194304                                   {product} {ergonomic}
   size_t MaxHeapSize                              = 4223664128                                {product} {ergonomic}
   size_t MaxNewSize                               = 2533359616                                {product} {ergonomic}
   size_t MinHeapDeltaBytes                        = 1048576                                   {product} {ergonomic}
    uintx NonNMethodCodeHeapSize                   = 5836300                                {pd product} {ergonomic}
    uintx NonProfiledCodeHeapSize                  = 122910970                              {pd product} {ergonomic}
    uintx ProfiledCodeHeapSize                     = 122910970                              {pd product} {ergonomic}
    uintx ReservedCodeCacheSize                    = 251658240                              {pd product} {ergonomic}
     bool SegmentedCodeCache                       = true                                      {product} {ergonomic}
     bool UseCompressedClassPointers               = true                                 {lp64_product} {ergonomic}
     bool UseCompressedOops                        = true                                 {lp64_product} {ergonomic}
     bool UseG1GC                                  = true                                      {product} {ergonomic}
     bool UseLargePagesIndividualAllocation        = false                                  {pd product} {ergonomic}

Logging:
Log output configuration:
 #0: stdout all=warning uptime,level,tags
 #1: stderr all=off uptime,level,tags

Environment Variables:
PATH=C:\Program Files\Common Files\Oracle\Java\javapath;C:\Program Files (x86)\Common Files\Oracle\Java\javapath;C:\Windows\system32;C:\Windows;C:\Windows\System32\Wbem;C:\Windows\System32\WindowsPowerShell\v1.0\;C:\Windows\System32\OpenSSH\;C:\Program Files\NVIDIA Corporation\NVIDIA NvDLISR;C:\Program Files\dotnet\;C:\Program Files\Java\jre1.8.0_321;C:\Program Files\nodejs\;C:\Program Files (x86)\NVIDIA Corporation\PhysX\Common;C:\WINDOWS\system32;C:\WINDOWS;C:\WINDOWS\System32\Wbem;C:\WINDOWS\System32\WindowsPowerShell\v1.0\;C:\WINDOWS\System32\OpenSSH\;C:\Program Files\Git\cmd;C:\Program Files\MySQL\MySQL Shell 8.0\bin\;C:\Users\mahmut\AppData\Local\Microsoft\WindowsApps;C:\Users\mahmut\AppData\Local\Programs\Microsoft VS Code\bin;C:\Users\mahmut\AppData\Local\Programs\Hyper\resources\bin;C:\Users\mahmut\AppData\Roaming\npm;C:\Users\mahmut\AppData\Local\atom\bin;C:\Users\mahmut\AppData\Local\Microsoft\WindowsApps;C:\Program Files\heroku\bin
USERNAME=mahmut
OS=Windows_NT
PROCESSOR_IDENTIFIER=Intel64 Family 6 Model 140 Stepping 1, GenuineIntel



---------------  S Y S T E M  ---------------

OS: Windows 10 , 64 bit Build 22621 (10.0.22621.1194)

CPU:total 8 (initial active 8) (4 cores per cpu, 2 threads per core) family 6 model 140 stepping 1 microcode 0xa4, cmov, cx8, fxsr, mmx, sse, sse2, sse3, ssse3, sse4.1, sse4.2, popcnt, avx, avx2, aes, clmul, erms, 3dnowpref, lzcnt, ht, tsc, tscinvbit, bmi1, bmi2, adx, evex, sha, fma

Memory: 4k page, system-wide physical 16110M (2792M free)
TotalPageFile size 19110M (AvailPageFile size 90M)
current process WorkingSet (physical memory assigned to process): 196M, peak: 196M
current process commit charge ("private bytes"): 436M, peak: 436M

vm_info: Java HotSpot(TM) 64-Bit Server VM (11.0.12+8-LTS-237) for windows-amd64 JRE (11.0.12+8-LTS-237), built on Jun  8 2021 11:25:59 by "mach5one" with MS VC++ 15.9 (VS2017)

END.
